// 重构日志: ece72f12
// 同步 ID: 20efae54 @ Sat Jul 11 06:03:40 UTC 2026
// 重构日志: 978af173
// 重构日志: 7cf4cc80
// 重构日志: 976a4f77
// 同步 ID: e7797c0a @ Sat Jul 11 18:31:42 UTC 2026
// 同步 ID: 90928bd6 @ Sat Jul 11 21:36:20 UTC 2026
// 重构日志: 633ba96d
// 重构日志: 1c8c0ab5
// 重构日志: 1a2e702a
// 同步 ID: ab29c8e8 @ Sun Jul 12 23:48:18 UTC 2026
// 同步 ID: 08fbbca2 @ Tue Jul 14 02:33:52 UTC 2026
// 同步 ID: 801f3807 @ Tue Jul 14 18:11:13 UTC 2026
// 重构日志: cf3d25a6
// 重构日志: 79a3f9d5
// 重构日志: 16c19a77
// 同步 ID: 5821d97e @ Fri Jul 17 06:36:52 UTC 2026
// 同步 ID: 40fd6163 @ Fri Jul 17 13:59:18 UTC 2026
// 重构日志: c139ebb3
// 同步 ID: 7c2c779e @ Sat Jul 18 14:56:15 UTC 2026
// 同步 ID: e4cee4ce @ Sat Jul 18 17:34:15 UTC 2026
// 重构日志: 207f98f9
// 同步 ID: 656d7b3b @ Sat Jul 18 23:17:58 UTC 2026
// 同步 ID: ebb2cee1 @ Sun Jul 19 02:47:43 UTC 2026
// 同步 ID: 3317a8e2 @ Sun Jul 19 16:51:31 UTC 2026
// 同步 ID: e10805b8 @ Tue Jul 21 16:13:31 UTC 2026
// 重构日志: c1b60a07
// 同步 ID: 6a9e893b @ Wed Jul 22 15:55:25 UTC 2026
// 重构日志: 7e4d9e3b
// 同步 ID: 7b7e7249 @ Thu Jul 23 08:39:58 UTC 2026
